Capturing: https://neouat.axismaxlife.com/
  ✓ Saved to /Users/suhani/amli-wayback/archive/neouat.axismaxlife.com_/2026-07-16
Capturing: https://neouat.axismaxlife.com/term-insurance-plans
  Stitching 13 segments...
  ✓ Saved to /Users/suhani/amli-wayback/archive/neouat.axismaxlife.com_term-insurance-plans/2026-07-16
Capturing: https://neouat.axismaxlife.com/health-insurance-plans
  Stitching 6 segments...
  ✓ Saved to /Users/suhani/amli-wayback/archive/neouat.axismaxlife.com_health-insurance-plans/2026-07-16
Capturing: https://neouat.axismaxlife.com/investment-plans
  Stitching 7 segments...
  ✓ Saved to /Users/suhani/amli-wayback/archive/neouat.axismaxlife.com_investment-plans/2026-07-16
Capturing: https://neouat.axismaxlife.com/pension-plans
  Stitching 6 segments...
  ✓ Saved to /Users/suhani/amli-wayback/archive/neouat.axismaxlife.com_pension-plans/2026-07-16
Done. All sites captured for 2026-07-16
Capturing: https://neouat.axismaxlife.com/
  ✓ Saved to /Users/suhani/amli-wayback/archive/neouat.axismaxlife.com_/2026-07-16_15-25
Capturing: https://neouat.axismaxlife.com/term-insurance-plans
  Stitching 13 segments...
  ✓ Saved to /Users/suhani/amli-wayback/archive/neouat.axismaxlife.com_term-insurance-plans/2026-07-16_15-25
Capturing: https://neouat.axismaxlife.com/health-insurance-plans
  Stitching 6 segments...
  ✓ Saved to /Users/suhani/amli-wayback/archive/neouat.axismaxlife.com_health-insurance-plans/2026-07-16_15-25
Capturing: https://neouat.axismaxlife.com/investment-plans
  Stitching 7 segments...
  ✓ Saved to /Users/suhani/amli-wayback/archive/neouat.axismaxlife.com_investment-plans/2026-07-16_15-25
Capturing: https://neouat.axismaxlife.com/pension-plans
  Stitching 6 segments...
  ✓ Saved to /Users/suhani/amli-wayback/archive/neouat.axismaxlife.com_pension-plans/2026-07-16_15-25
Done. All sites captured for 2026-07-16_15-25
Capturing: https://neouat.axismaxlife.com/
  ✓ Saved to /Users/suhani/amli-wayback/archive/neouat.axismaxlife.com_/2026-07-16_15-33
Capturing: https://neouat.axismaxlife.com/term-insurance-plans
  Stitching 13 segments...
  ✓ Saved to /Users/suhani/amli-wayback/archive/neouat.axismaxlife.com_term-insurance-plans/2026-07-16_15-33
Capturing: https://neouat.axismaxlife.com/health-insurance-plans
  Stitching 6 segments...
  ✓ Saved to /Users/suhani/amli-wayback/archive/neouat.axismaxlife.com_health-insurance-plans/2026-07-16_15-33
Capturing: https://neouat.axismaxlife.com/investment-plans
  Stitching 7 segments...
  ✓ Saved to /Users/suhani/amli-wayback/archive/neouat.axismaxlife.com_investment-plans/2026-07-16_15-33
Capturing: https://neouat.axismaxlife.com/pension-plans
  Stitching 6 segments...
  ✓ Saved to /Users/suhani/amli-wayback/archive/neouat.axismaxlife.com_pension-plans/2026-07-16_15-33
Done. All sites captured for 2026-07-16_15-33
Capturing: https://neouat.axismaxlife.com/
  ✓ Saved to /Users/suhani/amli-wayback/archive/neouat.axismaxlife.com_/2026-07-16_15-45
Capturing: https://neouat.axismaxlife.com/term-insurance-plans
  Stitching 13 segments...
  ✓ Saved to /Users/suhani/amli-wayback/archive/neouat.axismaxlife.com_term-insurance-plans/2026-07-16_15-45
Capturing: https://neouat.axismaxlife.com/health-insurance-plans
  Stitching 6 segments...
  ✗ Failed to capture https://neouat.axismaxlife.com/health-insurance-plans: [Errno 2] No such file or directory: '/Users/suhani/amli-wayback/archive/neouat.axismaxlife.com_health-insurance-plans/2026-07-16_15-45/page.html'
