Traceback (most recent call last):
  File "/Users/suhani/amli-wayback/capture.py", line 170, in capture_url
    (out_dir / "page.html").write_text(html, encoding="utf-8")
    ~~~~~~~~~~~~~~~~~~~~~~~~~~~~~~~~~~^^^^^^^^^^^^^^^^^^^^^^^^
  File "/Library/Frameworks/Python.framework/Versions/3.14/lib/python3.14/pathlib/__init__.py", line 809, in write_text
    with self.open(mode='w', encoding=encoding, errors=errors, newline=newline) as f:
         ~~~~~~~~~^^^^^^^^^^^^^^^^^^^^^^^^^^^^^^^^^^^^^^^^^^^^^^^^^^^^^^^^^^^^^
  File "/Library/Frameworks/Python.framework/Versions/3.14/lib/python3.14/pathlib/__init__.py", line 771, in open
    return io.open(self, mode, buffering, encoding, errors, newline)
           ~~~~~~~^^^^^^^^^^^^^^^^^^^^^^^^^^^^^^^^^^^^^^^^^^^^^^^^^^
FileNotFoundError: [Errno 2] No such file or directory: '/Users/suhani/amli-wayback/archive/neouat.axismaxlife.com_health-insurance-plans/2026-07-16_15-45/page.html'

During handling of the above exception, another exception occurred:

Traceback (most recent call last):
  File "/Users/suhani/amli-wayback/capture.py", line 206, in <module>
    main()
    ~~~~^^
  File "/Users/suhani/amli-wayback/capture.py", line 198, in main
    capture_url(page, url)
    ~~~~~~~~~~~^^^^^^^^^^^
  File "/Users/suhani/amli-wayback/capture.py", line 185, in capture_url
    (out_dir / "error.txt").write_text(
    ~~~~~~~~~~~~~~~~~~~~~~~~~~~~~~~~~~^
        f"{datetime.now(IST).isoformat()} - {e}", encoding="utf-8"
        ^^^^^^^^^^^^^^^^^^^^^^^^^^^^^^^^^^^^^^^^^^^^^^^^^^^^^^^^^^
    )
    ^
  File "/Library/Frameworks/Python.framework/Versions/3.14/lib/python3.14/pathlib/__init__.py", line 809, in write_text
    with self.open(mode='w', encoding=encoding, errors=errors, newline=newline) as f:
         ~~~~~~~~~^^^^^^^^^^^^^^^^^^^^^^^^^^^^^^^^^^^^^^^^^^^^^^^^^^^^^^^^^^^^^
  File "/Library/Frameworks/Python.framework/Versions/3.14/lib/python3.14/pathlib/__init__.py", line 771, in open
    return io.open(self, mode, buffering, encoding, errors, newline)
           ~~~~~~~^^^^^^^^^^^^^^^^^^^^^^^^^^^^^^^^^^^^^^^^^^^^^^^^^^
FileNotFoundError: [Errno 2] No such file or directory: '/Users/suhani/amli-wayback/archive/neouat.axismaxlife.com_health-insurance-plans/2026-07-16_15-45/error.txt'
